[2019-02-08 05:27:37] START
[2019-03-30 09:59:02] EDIT Autocart/models/db.py: 0
[2019-03-30 10:00:20] EDIT Autocart/models/db.py: 2
[2019-03-30 10:02:13] EDIT Autocart/models/db.py: 1
[2019-03-30 10:16:29] EDIT Autocart/models/db.py: -50
[2019-03-30 10:16:30] EDIT Autocart/models/db.py: 0
[2019-03-30 10:19:03] EDIT Autocart/models/db.py: 0
[2019-03-30 10:19:03] EDIT Autocart/models/db.py: 0
[2019-03-30 10:22:18] EDIT Autocart/models/db.py: 0
[2019-03-30 10:53:17] EDIT Autocart/views/products/view.html: 0
[2019-03-30 10:53:18] EDIT Autocart/views/products/view.html: 0
[2019-03-30 10:53:56] EDIT Autocart/views/products/view.html: 0
[2019-03-30 11:06:05] EDIT Autocart/controllers/profile.py: 0
[2019-03-30 11:16:13] EDIT Autocart/models/db.py: 0
[2019-03-30 11:16:13] EDIT Autocart/models/db.py: 0
[2019-03-30 11:17:07] EDIT Autocart/models/db.py: 0
[2019-03-30 11:17:07] EDIT Autocart/models/db.py: 0
[2019-03-30 11:29:29] EDIT Autocart/controllers/default.py: 2
[2019-03-30 11:30:37] EDIT Autocart/views/products/myposts.html: 0
[2019-03-30 11:34:01] EDIT Autocart/views/products/myposts.html: 0
[2019-03-30 11:34:22] EDIT Autocart/views/products/myposts.html: 0
[2019-03-30 11:34:25] EDIT Autocart/views/products/myposts.html: 0
[2019-03-30 11:36:13] EDIT Autocart/views/products/myposts.html: 0
[2019-03-30 11:36:36] EDIT Autocart/views/products/myposts.html: 0
[2019-03-30 11:39:34] EDIT Autocart/views/products/myposts.html: 0
[2019-03-30 11:40:16] EDIT Autocart/views/products/myposts.html: 0
[2019-03-30 11:40:54] EDIT Autocart/views/products/view.html: 0
[2019-03-30 11:41:14] EDIT Autocart/views/products/view.html: 0
[2019-03-30 11:41:41] EDIT Autocart/views/products/view.html: 0
[2019-03-30 11:43:08] EDIT Autocart/views/products/myposts.html: 0
[2019-03-30 11:56:34] EDIT Autocart/views/products/view.html: -1
[2019-03-30 11:56:42] EDIT Autocart/views/products/view.html: 1
[2019-03-30 11:57:00] EDIT Autocart/views/products/view.html: 0
[2019-03-30 11:57:00] EDIT Autocart/views/products/view.html: 0
[2019-03-30 12:00:16] EDIT Autocart/views/products/view.html: 0
