timestamp: 2019-02-08T05:29:50.261832
CREATE TABLE "auth_user"(
    "id" INTEGER PRIMARY KEY AUTOINCREMENT,
    "first_name" CHAR(128),
    "last_name" CHAR(128),
    "email" CHAR(512),
    "password" CHAR(512),
    "registration_key" CHAR(512),
    "reset_password_key" CHAR(512),
    "registration_id" CHAR(512)
);
success!
timestamp: 2019-02-08T05:29:50.286270
CREATE TABLE "auth_group"(
    "id" INTEGER PRIMARY KEY AUTOINCREMENT,
    "role" CHAR(512),
    "description" TEXT
);
success!
timestamp: 2019-02-08T05:29:50.300486
CREATE TABLE "auth_membership"(
    "id" INTEGER PRIMARY KEY AUTOINCREMENT,
    "user_id" INTEGER REFERENCES "auth_user" ("id") ON DELETE CASCADE  ,
    "group_id" INTEGER REFERENCES "auth_group" ("id") ON DELETE CASCADE  
);
success!
timestamp: 2019-02-08T05:29:50.313067
CREATE TABLE "auth_permission"(
    "id" INTEGER PRIMARY KEY AUTOINCREMENT,
    "group_id" INTEGER REFERENCES "auth_group" ("id") ON DELETE CASCADE  ,
    "name" CHAR(512),
    "table_name" CHAR(512),
    "record_id" INTEGER
);
success!
timestamp: 2019-02-08T05:29:50.330334
CREATE TABLE "auth_event"(
    "id" INTEGER PRIMARY KEY AUTOINCREMENT,
    "time_stamp" TIMESTAMP,
    "client_ip" CHAR(512),
    "user_id" INTEGER REFERENCES "auth_user" ("id") ON DELETE CASCADE  ,
    "origin" CHAR(512),
    "description" TEXT
);
success!
timestamp: 2019-02-08T05:29:50.347799
CREATE TABLE "auth_cas"(
    "id" INTEGER PRIMARY KEY AUTOINCREMENT,
    "user_id" INTEGER REFERENCES "auth_user" ("id") ON DELETE CASCADE  ,
    "created_on" TIMESTAMP,
    "service" CHAR(512),
    "ticket" CHAR(512),
    "renew" CHAR(1)
);
success!
timestamp: 2019-02-08T07:56:34.611055
CREATE TABLE "products"(
    "id" INTEGER PRIMARY KEY AUTOINCREMENT,
    "product_name" CHAR(512),
    "product_price" CHAR(512),
    "product_image" CHAR(512),
    "product_status" CHAR(512),
    "shop_name" CHAR(512),
    "shop_address" CHAR(512),
    "shop_website" CHAR(512)
);
success!
timestamp: 2019-02-08T07:57:02.890119
CREATE TABLE "profile"(
    "id" INTEGER PRIMARY KEY AUTOINCREMENT,
    "shop_name" CHAR(512),
    "shop_address" CHAR(512),
    "shop_website" CHAR(512)
);
success!
timestamp: 2019-02-08T07:57:02.909620
CREATE TABLE "internet_orders"(
    "id" INTEGER PRIMARY KEY AUTOINCREMENT,
    "productId" INTEGER,
    "qty" INTEGER,
    "userId" INTEGER,
    "status" CHAR(512),
    "date_ordered" CHAR(512)
);
success!
timestamp: 2019-03-30T10:02:19.930201
ALTER TABLE "auth_user" ADD "username" CHAR(128);
success!
timestamp: 2019-03-30T10:16:44.492438
ALTER TABLE "products" ADD "modified_by" INTEGER REFERENCES "auth_user" ("id") ON DELETE CASCADE  ;
timestamp: 2019-03-30T10:16:44.518101
ALTER TABLE "products" ADD "is_active" CHAR(1);
timestamp: 2019-03-30T10:16:44.618204
ALTER TABLE "products" ADD "created_by" INTEGER REFERENCES "auth_user" ("id") ON DELETE CASCADE  ;
timestamp: 2019-03-30T10:16:44.620948
ALTER TABLE "products" ADD "created_on" TIMESTAMP;
timestamp: 2019-03-30T10:16:44.627427
ALTER TABLE "products" ADD "modified_on" TIMESTAMP;
success!
timestamp: 2019-03-30T10:16:44.707340
ALTER TABLE "profile" ADD "modified_by" INTEGER REFERENCES "auth_user" ("id") ON DELETE CASCADE  ;
timestamp: 2019-03-30T10:16:44.709649
ALTER TABLE "profile" ADD "is_active" CHAR(1);
timestamp: 2019-03-30T10:16:44.750221
ALTER TABLE "profile" ADD "created_on" TIMESTAMP;
timestamp: 2019-03-30T10:16:44.753075
ALTER TABLE "profile" ADD "created_by" INTEGER REFERENCES "auth_user" ("id") ON DELETE CASCADE  ;
timestamp: 2019-03-30T10:16:44.762187
ALTER TABLE "profile" ADD "modified_on" TIMESTAMP;
success!
success!
